Determining if the pthread_create exist failed with the following output:
Change Dir: /home/ub/cvbridge_build_ws/build/project/CMakeFiles/CMakeTmp

Run Build Command:"/usr/bin/make" "cmTC_8d5e6/fast"
/usr/bin/make -f CMakeFiles/cmTC_8d5e6.dir/build.make CMakeFiles/cmTC_8d5e6.dir/build
make[1]: Entering directory '/home/ub/cvbridge_build_ws/build/project/CMakeFiles/CMakeTmp'
Building C object CMakeFiles/cmTC_8d5e6.dir/CheckSymbolExists.c.o
/usr/bin/cc    -o CMakeFiles/cmTC_8d5e6.dir/CheckSymbolExists.c.o   -c /home/ub/cvbridge_build_ws/build/project/CMakeFiles/CMakeTmp/CheckSymbolExists.c
Linking C executable cmTC_8d5e6
/usr/bin/cmake -E cmake_link_script CMakeFiles/cmTC_8d5e6.dir/link.txt --verbose=1
/usr/bin/cc      -rdynamic CMakeFiles/cmTC_8d5e6.dir/CheckSymbolExists.c.o  -o cmTC_8d5e6 
CMakeFiles/cmTC_8d5e6.dir/CheckSymbolExists.c.o: In function `main':
CheckSymbolExists.c:(.text+0x1b): undefined reference to `pthread_create'
collect2: error: ld returned 1 exit status
CMakeFiles/cmTC_8d5e6.dir/build.make:97: recipe for target 'cmTC_8d5e6' failed
make[1]: *** [cmTC_8d5e6] Error 1
make[1]: Leaving directory '/home/ub/cvbridge_build_ws/build/project/CMakeFiles/CMakeTmp'
Makefile:126: recipe for target 'cmTC_8d5e6/fast' failed
make: *** [cmTC_8d5e6/fast] Error 2

File /home/ub/cvbridge_build_ws/build/project/CMakeFiles/CMakeTmp/CheckSymbolExists.c:
/* */
#include <pthread.h>

int main(int argc, char** argv)
{
  (void)argv;
#ifndef pthread_create
  return ((int*)(&pthread_create))[argc];
#else
  (void)argc;
  return 0;
#endif
}

Determining if the function pthread_create exists in the pthreads failed with the following output:
Change Dir: /home/ub/cvbridge_build_ws/build/project/CMakeFiles/CMakeTmp

Run Build Command:"/usr/bin/make" "cmTC_f7f1e/fast"
/usr/bin/make -f CMakeFiles/cmTC_f7f1e.dir/build.make CMakeFiles/cmTC_f7f1e.dir/build
make[1]: Entering directory '/home/ub/cvbridge_build_ws/build/project/CMakeFiles/CMakeTmp'
Building C object CMakeFiles/cmTC_f7f1e.dir/CheckFunctionExists.c.o
/usr/bin/cc   -DCHECK_FUNCTION_EXISTS=pthread_create   -o CMakeFiles/cmTC_f7f1e.dir/CheckFunctionExists.c.o   -c /usr/share/cmake-3.10/Modules/CheckFunctionExists.c
Linking C executable cmTC_f7f1e
/usr/bin/cmake -E cmake_link_script CMakeFiles/cmTC_f7f1e.dir/link.txt --verbose=1
/usr/bin/cc  -DCHECK_FUNCTION_EXISTS=pthread_create    -rdynamic CMakeFiles/cmTC_f7f1e.dir/CheckFunctionExists.c.o  -o cmTC_f7f1e -lpthreads 
/usr/bin/ld: cannot find -lpthreads
collect2: error: ld returned 1 exit status
CMakeFiles/cmTC_f7f1e.dir/build.make:97: recipe for target 'cmTC_f7f1e' failed
make[1]: *** [cmTC_f7f1e] Error 1
make[1]: Leaving directory '/home/ub/cvbridge_build_ws/build/project/CMakeFiles/CMakeTmp'
Makefile:126: recipe for target 'cmTC_f7f1e/fast' failed
make: *** [cmTC_f7f1e/fast] Error 2


